2025-02-27 21:28:01,732 [INFO] Starting scan on https://www.ncbi.nlm.nih.gov/...
2025-02-27 21:28:01,734 [INFO] Phase 1: Reconnaissance
2025-02-27 21:28:01,734 [INFO] Starting reconnaissance on www.ncbi.nlm.nih.gov...
2025-02-27 21:28:01,746 [INFO] IP Target: 130.14.29.110 (+ 0 additional)
2025-02-27 21:28:03,364 [INFO] WHOIS Data retrieved successfully
2025-02-27 21:28:07,950 [INFO] SSL Certificate: Valid until Aug  2 21:41:30 2025 GMT
2025-02-27 21:28:09,362 [INFO] DNS records retrieved successfully
2025-02-27 21:28:09,365 [INFO] Phase 2: Port Scanning
2025-02-27 21:28:09,374 [INFO] Starting port scan on www.ncbi.nlm.nih.gov...
2025-02-27 21:28:10,287 [INFO] Port 80 (HTTP) is open
2025-02-27 21:28:10,312 [INFO] Port 443 (HTTPS) is open
2025-02-27 21:28:19,405 [INFO] Found 2 open ports
2025-02-27 21:28:19,406 [INFO]   80/tcp - HTTP - HTTP/1.1 301 Moved Permanently
Date:...
2025-02-27 21:28:19,407 [INFO]   443/tcp - HTTPS - HTTP/1.1 400 Bad Request
Date: Thu, ...
2025-02-27 21:28:19,407 [INFO] Phase 3: WAF Detection
2025-02-27 21:28:19,409 [INFO] Testing WAF presence and bypass methods on https://www.ncbi.nlm.nih.gov/...
2025-02-27 21:28:33,803 [ERROR] WAF detection failed: HTTPSConnectionPool(host='www.ncbi.nlm.nih.gov', port=443): Read timed out. (read timeout=10)
2025-02-27 21:28:33,804 [INFO] Phase 4: Directory Scanning
2025-02-27 21:28:33,805 [INFO] Scanning for sensitive directories and files on https://www.ncbi.nlm.nih.gov/...
2025-02-27 21:28:49,457 [INFO] No interesting directories found
2025-02-27 21:28:49,457 [INFO] Phase 5: Vulnerability Scanning
2025-02-27 21:28:49,458 [INFO] Starting vulnerability scan on https://www.ncbi.nlm.nih.gov/...
2025-02-27 21:31:26,705 [WARNING] Scan interrupted by user
