2025-02-27 18:20:25,387 [INFO] Starting scan on https://smktarunabhakti.net...
2025-02-27 18:20:25,389 [INFO] Phase 1: Reconnaissance
2025-02-27 18:20:25,389 [INFO] Starting reconnaissance on smktarunabhakti.net...
2025-02-27 18:20:25,394 [ERROR] Reconnaissance failed: [Errno 11001] getaddrinfo failed
2025-02-27 18:20:25,394 [INFO] Phase 2: Port Scanning
2025-02-27 18:20:25,394 [INFO] Starting port scan on smktarunabhakti.net...
2025-02-27 18:20:25,395 [ERROR] Port scanning failed: [Errno 11001] getaddrinfo failed
2025-02-27 18:20:25,395 [INFO] Phase 3: WAF Detection
2025-02-27 18:20:25,403 [INFO] Testing WAF presence and bypass methods on https://smktarunabhakti.net...
2025-02-27 18:20:25,410 [ERROR] WAF detection failed: HTTPSConnectionPool(host='smktarunabhakti.net', port=443): Max retries exceeded with url: / (Caused by NameResolutionError("<urllib3.connection.HTTPSConnection object at 0x000001E3180A0750>: Failed to resolve 'smktarunabhakti.net' ([Errno 11001] getaddrinfo failed)"))
2025-02-27 18:20:25,410 [INFO] Phase 4: Directory Scanning
2025-02-27 18:20:25,411 [INFO] Scanning for sensitive directories and files on https://smktarunabhakti.net...
2025-02-27 18:20:25,445 [INFO] No interesting directories found
2025-02-27 18:20:25,446 [INFO] Phase 5: Vulnerability Scanning
2025-02-27 18:20:25,446 [INFO] Starting vulnerability scan on https://smktarunabhakti.net...
2025-02-27 18:20:25,448 [ERROR] Parameter discovery failed: HTTPSConnectionPool(host='smktarunabhakti.net', port=443): Max retries exceeded with url: / (Caused by NameResolutionError("<urllib3.connection.HTTPSConnection object at 0x000001E318022290>: Failed to resolve 'smktarunabhakti.net' ([Errno 11001] getaddrinfo failed)"))
2025-02-27 18:20:25,722 [INFO] Phase 6: Generating Exploit Suggestions
2025-02-27 18:20:25,723 [INFO] Generating exploit suggestions...
2025-02-27 18:20:25,723 [INFO] Phase 7: Generating Report
2025-02-27 18:20:25,724 [INFO] Generating final report...
2025-02-27 18:20:25,726 [INFO] Report saved to reports\kadlyzer_report_smktarunabhakti.net_20250227_182025.json and reports\kadlyzer_report_smktarunabhakti.net_20250227_182025.html
