2025-02-26 19:55:46,966 [INFO] Starting scan on http://example.com...
2025-02-26 19:55:46,968 [INFO] Phase 1: Reconnaissance
2025-02-26 19:55:46,968 [INFO] Starting reconnaissance on example.com...
2025-02-26 19:55:47,021 [INFO] IP Target: 23.192.228.84 (+ 5 additional)
2025-02-26 19:55:48,137 [INFO] WHOIS Data retrieved successfully
2025-02-26 19:55:49,302 [INFO] DNS records retrieved successfully
2025-02-26 19:55:49,304 [INFO] Phase 2: Port Scanning
2025-02-26 19:55:49,304 [INFO] Starting port scan on example.com...
2025-02-26 19:55:49,949 [INFO] Port 80 (HTTP) is open
2025-02-26 19:55:49,976 [INFO] Port 443 (HTTPS) is open
2025-02-26 19:55:59,320 [INFO] Found 2 open ports
2025-02-26 19:55:59,321 [INFO]   80/tcp - HTTP - HTTP/1.0 400 Bad Request
Server: Aka...
2025-02-26 19:55:59,321 [INFO]   443/tcp - HTTPS
2025-02-26 19:55:59,321 [INFO] Phase 3: WAF Detection
2025-02-26 19:55:59,321 [INFO] Testing WAF presence and bypass methods on http://example.com...
2025-02-26 19:56:00,341 [INFO] No WAF detected
2025-02-26 19:56:00,342 [INFO] Phase 4: Directory Scanning
2025-02-26 19:56:00,342 [INFO] Scanning for sensitive directories and files on http://example.com...
2025-02-26 19:56:01,192 [INFO] No interesting directories found
2025-02-26 19:56:01,192 [INFO] Phase 5: Vulnerability Scanning
2025-02-26 19:56:01,192 [INFO] Starting vulnerability scan on http://example.com...
2025-02-26 19:59:19,325 [WARNING] Scan interrupted by user
